<?xml version="1.0" encoding="UTF-8"?>
<!-- Generated by org.testng.reporters.JUnitReportReporter -->
<testsuite hostname="DESKTOP-I5LLCKS" failures="0" tests="82" name="tudai.testng.test.ProgramaTest" time="0.497" errors="0" timestamp="2021-10-20T11:49:55 ART" skipped="0">
  <testcase classname="tudai.testng.test.ProgramaTest" name="testTareas" time="0.002"/>
  <system-out/>
  <testcase classname="tudai.testng.test.ProgramaTest" name="testUsr" time="0.005"/>
  <system-out/>
  <testcase classname="tudai.testng.test.ProgramaTest" name="testTareas" time="0.010"/>
  <system-out/>
  <testcase classname="tudai.testng.test.ProgramaTest" name="testTareas" time="0.005"/>
  <system-out/>
  <testcase classname="tudai.testng.test.ProgramaTest" name="testTareas" time="0.033"/>
  <system-out/>
  <testcase classname="tudai.testng.test.ProgramaTest" name="testTareas" time="0.006"/>
  <system-out/>
  <testcase classname="tudai.testng.test.ProgramaTest" name="testUsr" time="0.010"/>
  <system-out/>
  <testcase classname="tudai.testng.test.ProgramaTest" name="testTareas" time="0.006"/>
  <system-out/>
  <testcase classname="tudai.testng.test.ProgramaTest" name="testUsr" time="0.001"/>
  <system-out/>
  <testcase classname="tudai.testng.test.ProgramaTest" name="testTareas" time="0.004"/>
  <system-out/>
  <testcase classname="tudai.testng.test.ProgramaTest" name="testTareas" time="0.009"/>
  <system-out/>
  <testcase classname="tudai.testng.test.ProgramaTest" name="testTareas" time="0.005"/>
  <system-out/>
  <testcase classname="tudai.testng.test.ProgramaTest" name="testUsr" time="0.002"/>
  <system-out/>
  <testcase classname="tudai.testng.test.ProgramaTest" name="testUsr" time="0.004"/>
  <system-out/>
  <testcase classname="tudai.testng.test.ProgramaTest" name="testUsr" time="0.002"/>
  <system-out/>
  <testcase classname="tudai.testng.test.ProgramaTest" name="testUsr" time="0.001"/>
  <system-out/>
  <testcase classname="tudai.testng.test.ProgramaTest" name="testUsr" time="0.003"/>
  <system-out/>
  <testcase classname="tudai.testng.test.ProgramaTest" name="testUsr" time="0.004"/>
  <system-out/>
  <testcase classname="tudai.testng.test.ProgramaTest" name="testUsr" time="0.017"/>
  <system-out/>
  <testcase classname="tudai.testng.test.ProgramaTest" name="testTareas" time="0.014"/>
  <system-out/>
  <testcase classname="tudai.testng.test.ProgramaTest" name="testTareas" time="0.006"/>
  <system-out/>
  <testcase classname="tudai.testng.test.ProgramaTest" name="testUsr" time="0.017"/>
  <system-out/>
  <testcase classname="tudai.testng.test.ProgramaTest" name="testUsr" time="0.004"/>
  <system-out/>
  <testcase classname="tudai.testng.test.ProgramaTest" name="testTareas" time="0.014"/>
  <system-out/>
  <testcase classname="tudai.testng.test.ProgramaTest" name="testUsr" time="0.002"/>
  <system-out/>
  <testcase classname="tudai.testng.test.ProgramaTest" name="testTareas" time="0.005"/>
  <system-out/>
  <testcase classname="tudai.testng.test.ProgramaTest" name="testTareas" time="0.003"/>
  <system-out/>
  <testcase classname="tudai.testng.test.ProgramaTest" name="testTareas" time="0.008"/>
  <system-out/>
  <testcase classname="tudai.testng.test.ProgramaTest" name="testTareas" time="0.003"/>
  <system-out/>
  <testcase classname="tudai.testng.test.ProgramaTest" name="testUsr" time="0.002"/>
  <system-out/>
  <testcase classname="tudai.testng.test.ProgramaTest" name="eliminarProgramaciones" time="0.004"/>
  <system-out/>
  <testcase classname="tudai.testng.test.ProgramaTest" name="testTareas" time="0.003"/>
  <system-out/>
  <testcase classname="tudai.testng.test.ProgramaTest" name="testUsr" time="0.003"/>
  <system-out/>
  <testcase classname="tudai.testng.test.ProgramaTest" name="testUsr" time="0.012"/>
  <system-out/>
  <testcase classname="tudai.testng.test.ProgramaTest" name="testTareas" time="0.007"/>
  <system-out/>
  <testcase classname="tudai.testng.test.ProgramaTest" name="testTareas" time="0.005"/>
  <system-out/>
  <testcase classname="tudai.testng.test.ProgramaTest" name="testTareas" time="0.003"/>
  <system-out/>
  <testcase classname="tudai.testng.test.ProgramaTest" name="testUsr" time="0.004"/>
  <system-out/>
  <testcase classname="tudai.testng.test.ProgramaTest" name="TestProvider" time="0.013"/>
  <system-out/>
  <testcase classname="tudai.testng.test.ProgramaTest" name="testUsr" time="0.008"/>
  <system-out/>
  <testcase classname="tudai.testng.test.ProgramaTest" name="testUsr" time="0.004"/>
  <system-out/>
  <testcase classname="tudai.testng.test.ProgramaTest" name="testUsr" time="0.005"/>
  <system-out/>
  <testcase classname="tudai.testng.test.ProgramaTest" name="testUsr" time="0.002"/>
  <system-out/>
  <testcase classname="tudai.testng.test.ProgramaTest" name="testTareas" time="0.003"/>
  <system-out/>
  <testcase classname="tudai.testng.test.ProgramaTest" name="getCantProgramaciones" time="0.003"/>
  <system-out/>
  <testcase classname="tudai.testng.test.ProgramaTest" name="addProgramacion" time="0.007"/>
  <system-out/>
  <testcase classname="tudai.testng.test.ProgramaTest" name="testTareas" time="0.007"/>
  <system-out/>
  <testcase classname="tudai.testng.test.ProgramaTest" name="TestProvider" time="0.002"/>
  <system-out/>
  <testcase classname="tudai.testng.test.ProgramaTest" name="testTareas" time="0.008"/>
  <system-out/>
  <testcase classname="tudai.testng.test.ProgramaTest" name="addMuchasProgramaciones" time="0.004"/>
  <system-out/>
  <testcase classname="tudai.testng.test.ProgramaTest" name="testTareas" time="0.007"/>
  <system-out/>
  <testcase classname="tudai.testng.test.ProgramaTest" name="testTareas" time="0.004"/>
  <system-out/>
  <testcase classname="tudai.testng.test.ProgramaTest" name="testUsr" time="0.003"/>
  <system-out/>
  <testcase classname="tudai.testng.test.ProgramaTest" name="testTareas" time="0.004"/>
  <system-out/>
  <testcase classname="tudai.testng.test.ProgramaTest" name="testUsr" time="0.003"/>
  <system-out/>
  <testcase classname="tudai.testng.test.ProgramaTest" name="testTareas" time="0.009"/>
  <system-out/>
  <testcase classname="tudai.testng.test.ProgramaTest" name="testTareas" time="0.005"/>
  <system-out/>
  <testcase classname="tudai.testng.test.ProgramaTest" name="testTareas" time="0.014"/>
  <system-out/>
  <testcase classname="tudai.testng.test.ProgramaTest" name="testUsr" time="0.003"/>
  <system-out/>
  <testcase classname="tudai.testng.test.ProgramaTest" name="testTareas" time="0.002"/>
  <system-out/>
  <testcase classname="tudai.testng.test.ProgramaTest" name="testTareas" time="0.002"/>
  <system-out/>
  <testcase classname="tudai.testng.test.ProgramaTest" name="testTareas" time="0.001"/>
  <system-out/>
  <testcase classname="tudai.testng.test.ProgramaTest" name="testTareas" time="0.006"/>
  <system-out/>
  <testcase classname="tudai.testng.test.ProgramaTest" name="testTareas" time="0.009"/>
  <system-out/>
  <testcase classname="tudai.testng.test.ProgramaTest" name="testTareas" time="0.011"/>
  <system-out/>
  <testcase classname="tudai.testng.test.ProgramaTest" name="testTareas" time="0.007"/>
  <system-out/>
  <testcase classname="tudai.testng.test.ProgramaTest" name="testTareas" time="0.009"/>
  <system-out/>
  <testcase classname="tudai.testng.test.ProgramaTest" name="testUsr" time="0.004"/>
  <system-out/>
  <testcase classname="tudai.testng.test.ProgramaTest" name="testUsr" time="0.011"/>
  <system-out/>
  <testcase classname="tudai.testng.test.ProgramaTest" name="testTareas" time="0.006"/>
  <system-out/>
  <testcase classname="tudai.testng.test.ProgramaTest" name="testTareas" time="0.003"/>
  <system-out/>
  <testcase classname="tudai.testng.test.ProgramaTest" name="testUsr" time="0.009"/>
  <system-out/>
  <testcase classname="tudai.testng.test.ProgramaTest" name="testUsr" time="0.003"/>
  <system-out/>
  <testcase classname="tudai.testng.test.ProgramaTest" name="getCantOcurrencias" time="0.009"/>
  <system-out/>
  <testcase classname="tudai.testng.test.ProgramaTest" name="testUsr" time="0.004"/>
  <system-out/>
  <testcase classname="tudai.testng.test.ProgramaTest" name="testUsr" time="0.006"/>
  <system-out/>
  <testcase classname="tudai.testng.test.ProgramaTest" name="testUsr" time="0.003"/>
  <system-out/>
  <testcase classname="tudai.testng.test.ProgramaTest" name="testUsr" time="0.003"/>
  <system-out/>
  <testcase classname="tudai.testng.test.ProgramaTest" name="testUsr" time="0.000"/>
  <system-out/>
  <testcase classname="tudai.testng.test.ProgramaTest" name="testTareas" time="0.012"/>
  <system-out/>
  <testcase classname="tudai.testng.test.ProgramaTest" name="testUsr" time="0.003"/>
  <system-out/>
  <testcase classname="tudai.testng.test.ProgramaTest" name="testUsr" time="0.008"/>
  <system-out/>
</testsuite> <!-- tudai.testng.test.ProgramaTest -->
